<?xml version="1.0" encoding="UTF-8"?>
<!-- Generated by org.testng.reporters.JUnitReportReporter -->
<testsuite hostname="DESKTOP-GUV1GTM" failures="0" tests="2" name="com.amazon.AmazonTest1" time="25.553" errors="0" timestamp="14 Dec 2020 18:14:56 GMT" skipped="0">
  <testcase classname="com.amazon.AmazonTest1" name="VerifyAmazonLoginPageTitle" time="11.969"/>
  <testcase classname="com.amazon.AmazonTest1" name="AmazonLoginTest" time="13.584"/>
</testsuite> <!-- com.amazon.AmazonTest1 -->
