<?xml version="1.0" encoding="UTF-8"?>
<!-- Generated by org.testng.reporters.JUnitReportReporter -->
<testsuite hostname="DESKTOP-GUV1GTM" failures="0" tests="2" name="com.amazon.AmazonTest1" time="28.805" errors="0" timestamp="15 Dec 2020 06:00:54 GMT" skipped="0">
  <testcase classname="com.amazon.AmazonTest1" name="VerifyAmazonLoginPageTitle" time="12.472"/>
  <testcase classname="com.amazon.AmazonTest1" name="AmazonLoginTest" time="16.333"/>
</testsuite> <!-- com.amazon.AmazonTest1 -->
