<?xml version="1.0" encoding="UTF-8"?>
<!-- Generated by org.testng.reporters.JUnitReportReporter -->
<testsuite hostname="DESKTOP-GUV1GTM" failures="0" tests="2" name="com.amazon.AmazonTest1" time="29.974" errors="0" timestamp="15 Dec 2020 06:08:52 GMT" skipped="0">
  <testcase classname="com.amazon.AmazonTest1" name="VerifyAmazonLoginPageTitle" time="14.025"/>
  <testcase classname="com.amazon.AmazonTest1" name="AmazonLoginTest" time="15.949"/>
</testsuite> <!-- com.amazon.AmazonTest1 -->
