<?xml version="1.0" encoding="UTF-8"?>
<!-- Generated by org.testng.reporters.JUnitReportReporter -->
<testsuite hostname="DESKTOP-GUV1GTM" failures="0" tests="1" name="firstpack.MavTestNGClass1" time="0.009" errors="0" timestamp="14 Dec 2020 08:31:37 GMT" skipped="0">
  <testcase classname="firstpack.MavTestNGClass1" name="f" time="0.009"/>
</testsuite> <!-- firstpack.MavTestNGClass1 -->
